#
# There is insufficient memory for the Java Runtime Environment to continue.
# Native memory allocation (mmap) failed to map 104861696 bytes for committing reserved memory.
# Possible reasons:
#   The system is out of physical RAM or swap space
#   In 32 bit mode, the process size limit was hit
# Possible solutions:
#   Reduce memory load on the system
#   Increase physical memory or swap space
#   Check if swap backing store is full
#   Use 64 bit Java on a 64 bit OS
#   Decrease Java heap size (-Xmx/-Xms)
#   Decrease number of Java threads
#   Decrease Java thread stack sizes (-Xss)
#   Set larger code cache with -XX:ReservedCodeCacheSize=
# This output file may be truncated or incomplete.
#
#  Out of Memory Error (os_linux.cpp:2673), pid=22796, tid=140472752273152
#
# JRE version: OpenJDK Runtime Environment (8.0_51-b16) (build 1.8.0_51-b16)
# Java VM: OpenJDK 64-Bit Server VM (25.51-b03 mixed mode linux-amd64 compressed oops)
# Failed to write core dump. Core dumps have been disabled. To enable core dumping, try "ulimit -c unlimited" before starting Java again
#

---------------  T H R E A D  ---------------

Current thread (0x00007fc26c080800):  VMThread [stack: 0x00007fc25c6ff000,0x00007fc25c800000] [id=22803]

Stack: [0x00007fc25c6ff000,0x00007fc25c800000],  sp=0x00007fc25c7fe410,  free space=1021k
Native frames: (J=compiled Java code, j=interpreted, Vv=VM code, C=native code)
V  [libjvm.so+0xa1db4e]
V  [libjvm.so+0x4d12d9]
V  [libjvm.so+0x891823]
V  [libjvm.so+0x891bc9]
V  [libjvm.so+0x88ab0a]
V  [libjvm.so+0xa19d24]
V  [libjvm.so+0x5bc5c5]
V  [libjvm.so+0x5bc94c]
V  [libjvm.so+0x5bc9de]
V  [libjvm.so+0x5bc720]
V  [libjvm.so+0x462c40]
V  [libjvm.so+0x463486]
V  [libjvm.so+0xa1eaa5]
V  [libjvm.so+0xa25e42]
V  [libjvm.so+0xa242e5]
V  [libjvm.so+0xa24773]
V  [libjvm.so+0xa24c42]
V  [libjvm.so+0x894e72]

VM_Operation (0x00007fc248c7d160): GenCollectForAllocation, mode: safepoint, requested by thread 0x00007fc240833000


---------------  P R O C E S S  ---------------

Java Threads: ( => current thread )
  0x00007fc23c1bb000 JavaThread "communication thread" daemon [_thread_blocked, id=22839, stack(0x00007fc248a7d000,0x00007fc248b7e000)]
  0x00007fc240833000 JavaThread "LocalJobRunner Map Task Executor #0" [_thread_blocked, id=22838, stack(0x00007fc248b7e000,0x00007fc248c7f000)]
  0x00007fc26c7d9000 JavaThread "Thread-12" [_thread_blocked, id=22837, stack(0x00007fc2495f0000,0x00007fc2496f1000)]
  0x00007fc26c70b000 JavaThread "process reaper" daemon [_thread_blocked, id=22813, stack(0x00007fc2496f1000,0x00007fc24972a000)]
  0x00007fc26c0d0000 JavaThread "Service Thread" daemon [_thread_blocked, id=22809, stack(0x00007fc25c0f9000,0x00007fc25c1fa000)]
  0x00007fc26c0c5000 JavaThread "C1 CompilerThread1" daemon [_thread_blocked, id=22808, stack(0x00007fc25c1fa000,0x00007fc25c2fb000)]
  0x00007fc26c0b8800 JavaThread "C2 CompilerThread0" daemon [_thread_blocked, id=22807, stack(0x00007fc25c2fb000,0x00007fc25c3fc000)]
  0x00007fc26c0b6800 JavaThread "Signal Dispatcher" daemon [_thread_blocked, id=22806, stack(0x00007fc25c3fc000,0x00007fc25c4fd000)]
  0x00007fc26c087800 JavaThread "Finalizer" daemon [_thread_blocked, id=22805, stack(0x00007fc25c4fd000,0x00007fc25c5fe000)]
  0x00007fc26c085800 JavaThread "Reference Handler" daemon [_thread_blocked, id=22804, stack(0x00007fc25c5fe000,0x00007fc25c6ff000)]
  0x00007fc26c00e800 JavaThread "main" [_thread_blocked, id=22802, stack(0x00007fc2710ea000,0x00007fc2711eb000)]

Other Threads:
=>0x00007fc26c080800 VMThread [stack: 0x00007fc25c6ff000,0x00007fc25c800000] [id=22803]
  0x00007fc26c0d5000 WatcherThread [stack: 0x00007fc24a06e000,0x00007fc24a16f000] [id=22810]

VM state:at safepoint (normal execution)

VM Mutex/Monitor currently owned by a thread:  ([mutex/lock_event])
[0x00007fc26c00c170] Threads_lock - owner thread: 0x00007fc26c080800
[0x00007fc26c00c670] Heap_lock - owner thread: 0x00007fc240833000

Heap:
 def new generation   total 9280K, used 0K [0x00000000e2a00000, 0x00000000e3410000, 0x00000000ec6a0000)
  eden space 8256K,   0% used [0x00000000e2a00000, 0x00000000e2a00000, 0x00000000e3210000)
  from space 1024K,   0% used [0x00000000e3210000, 0x00000000e3210000, 0x00000000e3310000)
  to   space 1024K,   0% used [0x00000000e3310000, 0x00000000e3310000, 0x00000000e3410000)
 tenured generation   total 20480K, used 5741K [0x00000000ec6a0000, 0x00000000edaa0000, 0x0000000100000000)
   the space 20480K,  28% used [0x00000000ec6a0000, 0x00000000ecc3b4b0, 0x00000000ecc3b600, 0x00000000edaa0000)
 Metaspace       used 14099K, capacity 14344K, committed 14720K, reserved 1062912K
  class space    used 1498K, capacity 1582K, committed 1664K, reserved 1048576K

Card table byte_map: [0x00007fc2703e2000,0x00007fc2704ce000] byte_map_base: 0x00007fc26fccd000

Polling page: 0x00007fc27210c000

CodeCache: size=245760Kb used=5024Kb max_used=5033Kb free=240735Kb
 bounds [0x00007fc25d000000, 0x00007fc25d4f0000, 0x00007fc26c000000]
 total_blobs=1821 nmethods=1447 adapters=289
 compilation: enabled

Compilation events (10 events):
Event: 3.958 Thread 0x00007fc26c0c5000 1467       3       org.apache.log4j.helpers.PatternParser$LiteralPatternConverter::format (10 bytes)
Event: 3.958 Thread 0x00007fc26c0c5000 nmethod 1467 0x00007fc25d4cf690 code [0x00007fc25d4cf800, 0x00007fc25d4cfc00]
Event: 3.967 Thread 0x00007fc26c0c5000 1468       3       java.util.regex.Matcher::group (112 bytes)
Event: 3.968 Thread 0x00007fc26c0c5000 nmethod 1468 0x00007fc25d4ce150 code [0x00007fc25d4ce3a0, 0x00007fc25d4cf0d8]
Event: 3.972 Thread 0x00007fc26c0c5000 1469  s    3       org.apache.hadoop.conf.Configuration::getProps (131 bytes)
Event: 3.973 Thread 0x00007fc26c0c5000 nmethod 1469 0x00007fc25d4e6f90 code [0x00007fc25d4e7280, 0x00007fc25d4e8710]
Event: 3.974 Thread 0x00007fc26c0b8800 1470       4       java.lang.String::replace (127 bytes)
Event: 3.991 Thread 0x00007fc26c0b8800 nmethod 1470 0x00007fc25d4ec190 code [0x00007fc25d4ec300, 0x00007fc25d4ec778]
Event: 3.994 Thread 0x00007fc26c0c5000 1471       3       java.util.WeakHashMap::get (77 bytes)
Event: 3.995 Thread 0x00007fc26c0c5000 nmethod 1471 0x00007fc25d4eb390 code [0x00007fc25d4eb580, 0x00007fc25d4ebe00]

GC Heap History (10 events):
Event: 3.137 GC heap before
{Heap before GC invocations=4 (full 0):
 def new generation   total 9216K, used 9169K [0x00000000e2a00000, 0x00000000e3400000, 0x00000000ec6a0000)
  eden space 8192K,  99% used [0x00000000e2a00000, 0x00000000e31fbd50, 0x00000000e3200000)
  from space 1024K,  97% used [0x00000000e3200000, 0x00000000e32f8918, 0x00000000e3300000)
  to   space 1024K,   0% used [0x00000000e3300000, 0x00000000e3300000, 0x00000000e3400000)
 tenured generation   total 20480K, used 3657K [0x00000000ec6a0000, 0x00000000edaa0000, 0x0000000100000000)
   the space 20480K,  17% used [0x00000000ec6a0000, 0x00000000eca325c8, 0x00000000eca32600, 0x00000000edaa0000)
 Metaspace       used 12798K, capacity 13128K, committed 13312K, reserved 1060864K
  class space    used 1356K, capacity 1454K, committed 1536K, reserved 1048576K
Event: 3.144 GC heap after
Heap after GC invocations=5 (full 0):
 def new generation   total 9216K, used 1023K [0x00000000e2a00000, 0x00000000e3400000, 0x00000000ec6a0000)
  eden space 8192K,   0% used [0x00000000e2a00000, 0x00000000e2a00000, 0x00000000e3200000)
  from space 1024K,  99% used [0x00000000e3300000, 0x00000000e33ffff8, 0x00000000e3400000)
  to   space 1024K,   0% used [0x00000000e3200000, 0x00000000e3200000, 0x00000000e3300000)
 tenured generation   total 20480K, used 4744K [0x00000000ec6a0000, 0x00000000edaa0000, 0x0000000100000000)
   the space 20480K,  23% used [0x00000000ec6a0000, 0x00000000ecb42090, 0x00000000ecb42200, 0x00000000edaa0000)
 Metaspace       used 12798K, capacity 13128K, committed 13312K, reserved 1060864K
  class space    used 1356K, capacity 1454K, committed 1536K, reserved 1048576K
}
Event: 3.442 GC heap before
{Heap before GC invocations=5 (full 0):
 def new generation   total 9216K, used 9215K [0x00000000e2a00000, 0x00000000e3400000, 0x00000000ec6a0000)
  eden space 8192K, 100% used [0x00000000e2a00000, 0x00000000e3200000, 0x00000000e3200000)
  from space 1024K,  99% used [0x00000000e3300000, 0x00000000e33ffff8, 0x00000000e3400000)
  to   space 1024K,   0% used [0x00000000e3200000, 0x00000000e3200000, 0x00000000e3300000)
 tenured generation   total 20480K, used 4744K [0x00000000ec6a0000, 0x00000000edaa0000, 0x0000000100000000)
   the space 20480K,  23% used [0x00000000ec6a0000, 0x00000000ecb42090, 0x00000000ecb42200, 0x00000000edaa0000)
 Metaspace       used 13220K, capacity 13448K, committed 13824K, reserved 1060864K
  class space    used 1389K, capacity 1454K, committed 1536K, reserved 1048576K
Event: 3.449 GC heap after
Heap after GC invocations=6 (full 0):
 def new generation   total 9216K, used 1012K [0x00000000e2a00000, 0x00000000e3400000, 0x00000000ec6a0000)
  eden space 8192K,   0% used [0x00000000e2a00000, 0x00000000e2a00000, 0x00000000e3200000)
  from space 1024K,  98% used [0x00000000e3200000, 0x00000000e32fd328, 0x00000000e3300000)
  to   space 1024K,   0% used [0x00000000e3300000, 0x00000000e3300000, 0x00000000e3400000)
 tenured generation   total 20480K, used 5782K [0x00000000ec6a0000, 0x00000000edaa0000, 0x0000000100000000)
   the space 20480K,  28% used [0x00000000ec6a0000, 0x00000000ecc45be0, 0x00000000ecc45c00, 0x00000000edaa0000)
 Metaspace       used 13220K, capacity 13448K, committed 13824K, reserved 1060864K
  class space    used 1389K, capacity 1454K, committed 1536K, reserved 1048576K
}
Event: 3.620 GC heap before
{Heap before GC invocations=6 (full 0):
 def new generation   total 9216K, used 9204K [0x00000000e2a00000, 0x00000000e3400000, 0x00000000ec6a0000)
  eden space 8192K, 100% used [0x00000000e2a00000, 0x00000000e3200000, 0x00000000e3200000)
  from space 1024K,  98% used [0x00000000e3200000, 0x00000000e32fd328, 0x00000000e3300000)
  to   space 1024K,   0% used [0x00000000e3300000, 0x00000000e3300000, 0x00000000e3400000)
 tenured generation   total 20480K, used 5782K [0x00000000ec6a0000, 0x00000000edaa0000, 0x0000000100000000)
   the space 20480K,  28% used [0x00000000ec6a0000, 0x00000000ecc45be0, 0x00000000ecc45c00, 0x00000000edaa0000)
 Metaspace       used 13358K, capacity 13640K, committed 13824K, reserved 1060864K
  class space    used 1404K, capacity 1454K, committed 1536K, reserved 1048576K
Event: 3.623 GC heap after
Heap after GC invocations=7 (full 0):
 def new generation   total 9216K, used 731K [0x00000000e2a00000, 0x00000000e3400000, 0x00000000ec6a0000)
  eden space 8192K,   0% used [0x00000000e2a00000, 0x00000000e2a00000, 0x00000000e3200000)
  from space 1024K,  71% used [0x00000000e3300000, 0x00000000e33b6c80, 0x00000000e3400000)
  to   space 1024K,   0% used [0x00000000e3200000, 0x00000000e3200000, 0x00000000e3300000)
 tenured generation   total 20480K, used 6076K [0x00000000ec6a0000, 0x00000000edaa0000, 0x0000000100000000)
   the space 20480K,  29% used [0x00000000ec6a0000, 0x00000000ecc8f3f0, 0x00000000ecc8f400, 0x00000000edaa0000)
 Metaspace       used 13358K, capacity 13640K, committed 13824K, reserved 1060864K
  class space    used 1404K, capacity 1454K, committed 1536K, reserved 1048576K
}
Event: 3.978 GC heap before
{Heap before GC invocations=7 (full 0):
 def new generation   total 9216K, used 8923K [0x00000000e2a00000, 0x00000000e3400000, 0x00000000ec6a0000)
  eden space 8192K, 100% used [0x00000000e2a00000, 0x00000000e3200000, 0x00000000e3200000)
  from space 1024K,  71% used [0x00000000e3300000, 0x00000000e33b6c80, 0x00000000e3400000)
  to   space 1024K,   0% used [0x00000000e3200000, 0x00000000e3200000, 0x00000000e3300000)
 tenured generation   total 20480K, used 6076K [0x00000000ec6a0000, 0x00000000edaa0000, 0x0000000100000000)
   the space 20480K,  29% used [0x00000000ec6a0000, 0x00000000ecc8f3f0, 0x00000000ecc8f400, 0x00000000edaa0000)
 Metaspace       used 14060K, capacity 14312K, committed 14720K, reserved 1062912K
  class space    used 1493K, capacity 1550K, committed 1664K, reserved 1048576K
Event: 3.983 GC heap after
Heap after GC invocations=8 (full 0):
 def new generation   total 9216K, used 815K [0x00000000e2a00000, 0x00000000e3400000, 0x00000000ec6a0000)
  eden space 8192K,   0% used [0x00000000e2a00000, 0x00000000e2a00000, 0x00000000e3200000)
  from space 1024K,  79% used [0x00000000e3200000, 0x00000000e32cbee8, 0x00000000e3300000)
  to   space 1024K,   0% used [0x00000000e3300000, 0x00000000e3300000, 0x00000000e3400000)
 tenured generation   total 20480K, used 6189K [0x00000000ec6a0000, 0x00000000edaa0000, 0x0000000100000000)
   the space 20480K,  30% used [0x00000000ec6a0000, 0x00000000eccab770, 0x00000000eccab800, 0x00000000edaa0000)
 Metaspace       used 14060K, capacity 14312K, committed 14720K, reserved 1062912K
  class space    used 1493K, capacity 1550K, committed 1664K, reserved 1048576K
}
Event: 3.995 GC heap before
{Heap before GC invocations=8 (full 0):
 def new generation   total 9216K, used 1033K [0x00000000e2a00000, 0x00000000e3400000, 0x00000000ec6a0000)
  eden space 8192K,   2% used [0x00000000e2a00000, 0x00000000e2a366c0, 0x00000000e3200000)
  from space 1024K,  79% used [0x00000000e3200000, 0x00000000e32cbee8, 0x00000000e3300000)
  to   space 1024K,   0% used [0x00000000e3300000, 0x00000000e3300000, 0x00000000e3400000)
 tenured generation   total 20480K, used 6189K [0x00000000ec6a0000, 0x00000000edaa0000, 0x0000000100000000)
   the space 20480K,  30% used [0x00000000ec6a0000, 0x00000000eccab770, 0x00000000eccab800, 0x00000000edaa0000)
 Metaspace       used 14099K, capacity 14344K, committed 14720K, reserved 1062912K
  class space    used 1498K, capacity 1582K, committed 1664K, reserved 1048576K
Event: 4.025 GC heap after
Heap after GC invocations=9 (full 1):
 def new generation   total 9280K, used 0K [0x00000000e2a00000, 0x00000000e3410000, 0x00000000ec6a0000)
  eden space 8256K,   0% used [0x00000000e2a00000, 0x00000000e2a00000, 0x00000000e3210000)
  from space 1024K,   0% used [0x00000000e3210000, 0x00000000e3210000, 0x00000000e3310000)
  to   space 1024K,   0% used [0x00000000e3310000, 0x00000000e3310000, 0x00000000e3410000)
 tenured generation   total 20480K, used 5741K [0x00000000ec6a0000, 0x00000000edaa0000, 0x0000000100000000)
   the space 20480K,  28% used [0x00000000ec6a0000, 0x00000000ecc3b4b0, 0x00000000ecc3b600, 0x00000000edaa0000)
 Metaspace       used 14099K, capacity 14344K, committed 14720K, reserved 1062912K
  class space    used 1498K, capacity 1582K, committed 1664K, reserved 1048576K
}

Deoptimization events (8 events):
Event: 0.171 Thread 0x00007fc26c00e800 Uncommon trap: reason=unstable_if action=reinterpret pc=0x00007fc25d1104dc method=java.lang.String.hashCode()I @ 14
Event: 0.294 Thread 0x00007fc26c00e800 Uncommon trap: reason=unstable_if action=reinterpret pc=0x00007fc25d127c04 method=java.lang.String.indexOf(II)I @ 49
Event: 0.869 Thread 0x00007fc26c00e800 Uncommon trap: reason=unstable_if action=reinterpret pc=0x00007fc25d18df54 method=java.lang.String.indexOf([CII[CIII)I @ 3
Event: 1.705 Thread 0x00007fc26c00e800 Uncommon trap: reason=unstable_if action=reinterpret pc=0x00007fc25d30fa00 method=com.sun.org.apache.xerces.internal.impl.XMLDocumentFragmentScannerImpl$FragmentContentDriver.next()I @ 75
Event: 1.756 Thread 0x00007fc26c00e800 Uncommon trap: reason=unstable_if action=reinterpret pc=0x00007fc25d1f943c method=com.sun.org.apache.xerces.internal.impl.XMLEntityScanner.scanContent(Lcom/sun/org/apache/xerces/internal/xni/XMLString;)I @ 44
Event: 1.980 Thread 0x00007fc26c00e800 Uncommon trap: reason=unstable_if action=reinterpret pc=0x00007fc25d1ff53c method=java.lang.String.replace(CC)Ljava/lang/String; @ 26
Event: 3.355 Thread 0x00007fc26c00e800 Uncommon trap: reason=unstable_if action=reinterpret pc=0x00007fc25d3c570c method=com.sun.org.apache.xerces.internal.impl.XMLEntityScanner.skipSpaces()Z @ 14
Event: 3.655 Thread 0x00007fc26c7d9000 Uncommon trap: reason=unstable_if action=reinterpret pc=0x00007fc25d3b8ad8 method=java.lang.AbstractStringBuilder.append(Ljava/lang/String;)Ljava/lang/AbstractStringBuilder; @ 1

Internal exceptions (10 events):
Event: 0.473 Thread 0x00007fc26c00e800 Exception <a 'java/lang/ClassNotFoundException': java/lang/ObjectBeanInfo> (0x00000000e2ff4f08) thrown at [/builddir/build/BUILD/java-1.8.0-openjdk-1.8.0.51-1.b16.el6_7.x86_64/openjdk/hotspot/src/share/vm/classfile/systemDictionary.cpp, line 210]
Event: 0.473 Thread 0x00007fc26c00e800 Exception <a 'java/lang/ClassNotFoundException': java/lang/ObjectCustomizer> (0x00000000e2fff230) thrown at [/builddir/build/BUILD/java-1.8.0-openjdk-1.8.0.51-1.b16.el6_7.x86_64/openjdk/hotspot/src/share/vm/classfile/systemDictionary.cpp, line 210]
Event: 0.475 Thread 0x00007fc26c00e800 Exception <a 'java/lang/ArrayIndexOutOfBoundsException': 18> (0x00000000e3001aa8) thrown at [/builddir/build/BUILD/java-1.8.0-openjdk-1.8.0.51-1.b16.el6_7.x86_64/openjdk/hotspot/src/share/vm/interpreter/interpreterRuntime.cpp, line 366]
Event: 0.477 Thread 0x00007fc26c00e800 Exception <a 'java/lang/ArrayIndexOutOfBoundsException': 22> (0x00000000e3004da8) thrown at [/builddir/build/BUILD/java-1.8.0-openjdk-1.8.0.51-1.b16.el6_7.x86_64/openjdk/hotspot/src/share/vm/interpreter/interpreterRuntime.cpp, line 366]
Event: 0.479 Thread 0x00007fc26c00e800 Exception <a 'java/lang/ArrayIndexOutOfBoundsException'> (0x00000000e3007148) thrown at [/builddir/build/BUILD/java-1.8.0-openjdk-1.8.0.51-1.b16.el6_7.x86_64/openjdk/hotspot/src/share/vm/runtime/sharedRuntime.cpp, line 605]
Event: 0.488 Thread 0x00007fc26c00e800 Exception <a 'java/lang/ClassNotFoundException': org/apache/log4j/LayoutCustomizer> (0x00000000e3021420) thrown at [/builddir/build/BUILD/java-1.8.0-openjdk-1.8.0.51-1.b16.el6_7.x86_64/openjdk/hotspot/src/share/vm/classfile/systemDictionary.cpp, line 210]
Event: 0.493 Thread 0x00007fc26c00e800 Exception <a 'java/lang/ClassNotFoundException': org/apache/log4j/PatternLayoutCustomizer> (0x00000000e304de78) thrown at [/builddir/build/BUILD/java-1.8.0-openjdk-1.8.0.51-1.b16.el6_7.x86_64/openjdk/hotspot/src/share/vm/classfile/systemDictionary.cpp, li
Event: 1.909 Thread 0x00007fc26c00e800 Exception <a 'java/lang/NoSuchFieldError': method resolution failed> (0x00000000e2e53b58) thrown at [/builddir/build/BUILD/java-1.8.0-openjdk-1.8.0.51-1.b16.el6_7.x86_64/openjdk/hotspot/src/share/vm/prims/methodHandles.cpp, line 1125]
Event: 1.913 Thread 0x00007fc26c00e800 Exception <a 'java/lang/NoSuchFieldError': method resolution failed> (0x00000000e2e625d8) thrown at [/builddir/build/BUILD/java-1.8.0-openjdk-1.8.0.51-1.b16.el6_7.x86_64/openjdk/hotspot/src/share/vm/prims/methodHandles.cpp, line 1125]
Event: 3.655 Thread 0x00007fc26c7d9000 Implicit null exception at 0x00007fc25d3b8775 to 0x00007fc25d3b8ac5

Events (10 events):
Event: 3.990 loading class org/apache/hadoop/mapred/MapOutputCollector$Context done
Event: 3.990 loading class sun/misc/FloatingDecimal$ASCIIToBinaryBuffer
Event: 3.990 loading class sun/misc/FloatingDecimal$ASCIIToBinaryBuffer done
Event: 3.990 loading class org/apache/hadoop/util/QuickSort
Event: 3.990 loading class org/apache/hadoop/util/QuickSort done
Event: 3.994 loading class org/apache/hadoop/util/IndexedSorter
Event: 3.994 loading class org/apache/hadoop/util/IndexedSorter done
Event: 3.994 loading class org/apache/hadoop/util/HeapSort
Event: 3.994 loading class org/apache/hadoop/util/HeapSort done
Event: 3.995 Executing VM operation: GenCollectForAllocation


Dynamic libraries:
00400000-00401000 r-xp 00000000 ca:01 1194944                            /usr/lib/jvm/java-1.8.0-openjdk-1.8.0.51-1.b16.el6_7.x86_64/bin/java
00600000-00602000 rw-p 00000000 ca:01 1194944                            /usr/lib/jvm/java-1.8.0-openjdk-1.8.0.51-1.b16.el6_7.x86_64/bin/java
00d1f000-00d40000 rw-p 00000000 00:00 0                                  [heap]
e2a00000-e3410000 rw-p 00000000 00:00 0 
e3410000-ec6a0000 ---p 00000000 00:00 0 
ec6a0000-edaa0000 rw-p 00000000 00:00 0 
f3ea1000-100000000 ---p 00000000 00:00 0 
100000000-1001a0000 rw-p 00000000 00:00 0 
1001a0000-140000000 ---p 00000000 00:00 0 
3a25400000-3a25416000 r-xp 00000000 ca:01 275108                         /lib64/libgcc_s-4.4.7-20120601.so.1
3a25416000-3a25615000 ---p 00016000 ca:01 275108                         /lib64/libgcc_s-4.4.7-20120601.so.1
3a25615000-3a25616000 rw-p 00015000 ca:01 275108                         /lib64/libgcc_s-4.4.7-20120601.so.1
3a26c00000-3a26ce8000 r-xp 00000000 ca:01 1074596                        /usr/lib64/libstdc++.so.6.0.13
3a26ce8000-3a26ee8000 ---p 000e8000 ca:01 1074596                        /usr/lib64/libstdc++.so.6.0.13
3a26ee8000-3a26eef000 r--p 000e8000 ca:01 1074596                        /usr/lib64/libstdc++.so.6.0.13
3a26eef000-3a26ef1000 rw-p 000ef000 ca:01 1074596                        /usr/lib64/libstdc++.so.6.0.13
3a26ef1000-3a26f06000 rw-p 00000000 00:00 0 
3be3600000-3be3620000 r-xp 00000000 ca:01 262158                         /lib64/ld-2.12.so
3be381f000-3be3820000 r--p 0001f000 ca:01 262158                         /lib64/ld-2.12.so
3be3820000-3be3821000 rw-p 00020000 ca:01 262158                         /lib64/ld-2.12.so
3be3821000-3be3822000 rw-p 00000000 00:00 0 
3be3a00000-3be3a15000 r-xp 00000000 ca:01 262271                         /lib64/libz.so.1.2.3
3be3a15000-3be3c14000 ---p 00015000 ca:01 262271                         /lib64/libz.so.1.2.3
3be3c14000-3be3c15000 r--p 00014000 ca:01 262271                         /lib64/libz.so.1.2.3
3be3c15000-3be3c16000 rw-p 00015000 ca:01 262271                         /lib64/libz.so.1.2.3
3be3e00000-3be3f8a000 r-xp 00000000 ca:01 262162                         /lib64/libc-2.12.so
3be3f8a000-3be418a000 ---p 0018a000 ca:01 262162                         /lib64/libc-2.12.so
3be418a000-3be418e000 r--p 0018a000 ca:01 262162                         /lib64/libc-2.12.so
3be418e000-3be418f000 rw-p 0018e000 ca:01 262162                         /lib64/libc-2.12.so
3be418f000-3be4194000 rw-p 00000000 00:00 0 
3be4200000-3be4217000 r-xp 00000000 ca:01 262184                         /lib64/libpthread-2.12.so
3be4217000-3be4417000 ---p 00017000 ca:01 262184                         /lib64/libpthread-2.12.so
3be4417000-3be4418000 r--p 00017000 ca:01 262184                         /lib64/libpthread-2.12.so
3be4418000-3be4419000 rw-p 00018000 ca:01 262184                         /lib64/libpthread-2.12.so
3be4419000-3be441d000 rw-p 00000000 00:00 0 
3be4600000-3be4602000 r-xp 00000000 ca:01 262166                         /lib64/libdl-2.12.so
3be4602000-3be4802000 ---p 00002000 ca:01 262166                         /lib64/libdl-2.12.so
3be4802000-3be4803000 r--p 00002000 ca:01 262166                         /lib64/libdl-2.12.so
3be4803000-3be4804000 rw-p 00003000 ca:01 262166                         /lib64/libdl-2.12.so
3be4a00000-3be4a07000 r-xp 00000000 ca:01 262186                         /lib64/librt-2.12.so
3be4a07000-3be4c06000 ---p 00007000 ca:01 262186                         /lib64/librt-2.12.so
3be4c06000-3be4c07000 r--p 00006000 ca:01 262186                         /lib64/librt-2.12.so
3be4c07000-3be4c08000 rw-p 00007000 ca:01 262186                         /lib64/librt-2.12.so
3be4e00000-3be4e83000 r-xp 00000000 ca:01 262273                         /lib64/libm-2.12.so
3be4e83000-3be5082000 ---p 00083000 ca:01 262273                         /lib64/libm-2.12.so
3be5082000-3be5083000 r--p 00082000 ca:01 262273                         /lib64/libm-2.12.so
3be5083000-3be5084000 rw-p 00083000 ca:01 262273                         /lib64/libm-2.12.so
3df3c00000-3df3c0d000 r-xp 00000000 ca:01 1195060                        /usr/lib/jvm/java-1.8.0-openjdk-1.8.0.51-1.b16.el6_7.x86_64/lib/amd64/jli/libjli.so
3df3c0d000-3df3e0d000 ---p 0000d000 ca:01 1195060                        /usr/lib/jvm/java-1.8.0-openjdk-1.8.0.51-1.b16.el6_7.x86_64/lib/amd64/jli/libjli.so
3df3e0d000-3df3e0e000 rw-p 0000d000 ca:01 1195060                        /usr/lib/jvm/java-1.8.0-openjdk-1.8.0.51-1.b16.el6_7.x86_64/lib/amd64/jli/libjli.so
7fc234000000-7fc234021000 rw-p 00000000 00:00 0 
7fc234021000-7fc238000000 ---p 00000000 00:00 0 
7fc23c000000-7fc23c89b000 rw-p 00000000 00:00 0 
7fc23c89b000-7fc240000000 ---p 00000000 00:00 0 
7fc240000000-7fc240837000 rw-p 00000000 00:00 0 
7fc240837000-7fc244000000 ---p 00000000 00:00 0 
7fc244000000-7fc244021000 rw-p 00000000 00:00 0 
7fc244021000-7fc248000000 ---p 00000000 00:00 0 
7fc24897b000-7fc24897c000 rw-p 00000000 00:00 0 
7fc24897c000-7fc24897f000 ---p 00000000 00:00 0 
7fc24897f000-7fc248a7d000 rw-p 00000000 00:00 0 
7fc248a7d000-7fc248a80000 ---p 00000000 00:00 0 
7fc248a80000-7fc248b7e000 rw-p 00000000 00:00 0 
7fc248b7e000-7fc248b81000 ---p 00000000 00:00 0 
7fc248b81000-7fc248d3f000 rw-p 00000000 00:00 0 
7fc248d3f000-7fc248e7f000 ---p 00000000 00:00 0 
7fc248e7f000-7fc248e84000 r--s 00308000 ca:01 1194868                    /usr/lib/jvm/java-1.8.0-openjdk-1.8.0.51-1.b16.el6_7.x86_64/jre/lib/charsets.jar
7fc248e84000-7fc248e97000 r--s 00345000 ca:01 1194915                    /usr/lib/jvm/java-1.8.0-openjdk-1.8.0.51-1.b16.el6_7.x86_64/jre/lib/resources.jar
7fc248e97000-7fc248e9c000 r--s 00043000 ca:01 1194885                    /usr/lib/jvm/java-1.8.0-openjdk-1.8.0.51-1.b16.el6_7.x86_64/jre/lib/ext/sunjce_provider.jar
7fc248e9c000-7fc24909c000 rw-p 00000000 00:00 0 
7fc24909c000-7fc2490d1000 r--s 00000000 ca:01 786460                     /var/db/nscd/hosts
7fc2490d1000-7fc2493d1000 rw-p 00000000 00:00 0 
7fc2493d1000-7fc2493e7000 r-xp 00000000 ca:01 1194852                    /usr/lib/jvm/java-1.8.0-openjdk-1.8.0.51-1.b16.el6_7.x86_64/jre/lib/amd64/libnet.so
7fc2493e7000-7fc2495e7000 ---p 00016000 ca:01 1194852                    /usr/lib/jvm/java-1.8.0-openjdk-1.8.0.51-1.b16.el6_7.x86_64/jre/lib/amd64/libnet.so
7fc2495e7000-7fc2495e8000 rw-p 00016000 ca:01 1194852                    /usr/lib/jvm/java-1.8.0-openjdk-1.8.0.51-1.b16.el6_7.x86_64/jre/lib/amd64/libnet.so
7fc2495e8000-7fc2495e9000 r--s 00007000 ca:01 1194884                    /usr/lib/jvm/java-1.8.0-openjdk-1.8.0.51-1.b16.el6_7.x86_64/jre/lib/ext/sunec.jar
7fc2495e9000-7fc2495ec000 r--s 0003e000 ca:01 1194886                    /usr/lib/jvm/java-1.8.0-openjdk-1.8.0.51-1.b16.el6_7.x86_64/jre/lib/ext/sunpkcs11.jar
7fc2495ec000-7fc2495f0000 r--s 000ad000 ca:01 1194902                    /usr/lib/jvm/java-1.8.0-openjdk-1.8.0.51-1.b16.el6_7.x86_64/jre/lib/jsse.jar
7fc2495f0000-7fc2495f3000 ---p 00000000 00:00 0 
7fc2495f3000-7fc2496f1000 rw-p 00000000 00:00 0 
7fc2496f1000-7fc2496f4000 ---p 00000000 00:00 0 
7fc2496f4000-7fc24992a000 rw-p 00000000 00:00 0 
7fc24992a000-7fc24992d000 r--s 00018000 ca:01 1194900                    /usr/lib/jvm/java-1.8.0-openjdk-1.8.0.51-1.b16.el6_7.x86_64/jre/lib/jce.jar
7fc24992d000-7fc24992e000 r-xp 00000000 ca:01 1194841                    /usr/lib/jvm/java-1.8.0-openjdk-1.8.0.51-1.b16.el6_7.x86_64/jre/lib/amd64/libjaas_unix.so
7fc24992e000-7fc249b2d000 ---p 00001000 ca:01 1194841                    /usr/lib/jvm/java-1.8.0-openjdk-1.8.0.51-1.b16.el6_7.x86_64/jre/lib/amd64/libjaas_unix.so
7fc249b2d000-7fc249b2e000 rw-p 00000000 ca:01 1194841                    /usr/lib/jvm/java-1.8.0-openjdk-1.8.0.51-1.b16.el6_7.x86_64/jre/lib/amd64/libjaas_unix.so
7fc249b2e000-7fc249b36000 r-xp 00000000 ca:01 1194850                    /usr/lib/jvm/java-1.8.0-openjdk-1.8.0.51-1.b16.el6_7.x86_64/jre/lib/amd64/libmanagement.so
7fc249b36000-7fc249d36000 ---p 00008000 ca:01 1194850                    /usr/lib/jvm/java-1.8.0-openjdk-1.8.0.51-1.b16.el6_7.x86_64/jre/lib/amd64/libmanagement.so
7fc249d36000-7fc249d37000 rw-p 00008000 ca:01 1194850                    /usr/lib/jvm/java-1.8.0-openjdk-1.8.0.51-1.b16.el6_7.x86_64/jre/lib/amd64/libmanagement.so
7fc249d37000-7fc249d53000 r--s 003b6000 ca:01 1194879                    /usr/lib/jvm/java-1.8.0-openjdk-1.8.0.51-1.b16.el6_7.x86_64/jre/lib/ext/cldrdata.jar
7fc249d53000-7fc249d5e000 r--s 0011c000 ca:01 1194881                    /usr/lib/jvm/java-1.8.0-openjdk-1.8.0.51-1.b16.el6_7.x86_64/jre/lib/ext/localedata.jar
7fc249d5e000-7fc249d62000 r--s 00014000 ca:01 655792                     /home/lichunyue/hadoop/hadoop-2.2.0/share/hadoop/yarn/lib/xz-1.0.jar
7fc249d62000-7fc249d64000 r--s 000f2000 ca:01 655782                     /home/lichunyue/hadoop/hadoop-2.2.0/share/hadoop/yarn/lib/snappy-java-1.0.4.1.jar
7fc249d64000-7fc249d6c000 r--s 0007b000 ca:01 655775                     /home/lichunyue/hadoop/hadoop-2.2.0/share/hadoop/yarn/lib/protobuf-java-2.5.0.jar
7fc249d6c000-7fc249d6e000 r--s 00006000 ca:01 655793                     /home/lichunyue/hadoop/hadoop-2.2.0/share/hadoop/yarn/lib/paranamer-2.3.jar
7fc249d6e000-7fc249d85000 r--s 0010e000 ca:01 655777                     /home/lichunyue/hadoop/hadoop-2.2.0/share/hadoop/yarn/lib/netty-3.6.2.Final.jar
7fc249d85000-7fc249d8e000 r--s 0006f000 ca:01 655788                     /home/lichunyue/hadoop/hadoop-2.2.0/share/hadoop/yarn/lib/log4j-1.2.17.jar
7fc249d8e000-7fc249d95000 r--s 00037000 ca:01 655790                     /home/lichunyue/hadoop/hadoop-2.2.0/share/hadoop/yarn/lib/junit-4.10.jar
7fc249d95000-7fc249da7000 r--s 0009d000 ca:01 655787                     /home/lichunyue/hadoop/hadoop-2.2.0/share/hadoop/yarn/lib/jersey-server-1.9.jar
7fc249da7000-7fc249da8000 r--s 00003000 ca:01 655789                     /home/lichunyue/hadoop/hadoop-2.2.0/share/hadoop/yarn/lib/jersey-guice-1.9.jar
7fc249da8000-7fc249db2000 r--s 00066000 ca:01 655796                     /home/lichunyue/hadoop/hadoop-2.2.0/share/hadoop/yarn/lib/jersey-core-1.9.jar
7fc249db2000-7fc249db3000 r--s 00000000 ca:01 655791                     /home/lichunyue/hadoop/hadoop-2.2.0/share/hadoop/yarn/lib/javax.inject-1.jar
7fc249db3000-7fc249dc0000 r--s 00097000 ca:01 655781                     /home/lichunyue/hadoop/hadoop-2.2.0/share/hadoop/yarn/lib/jackson-mapper-asl-1.8.8.jar
7fc249dc0000-7fc249dc4000 r--s 00034000 ca:01 655785                     /home/lichunyue/hadoop/hadoop-2.2.0/share/hadoop/yarn/lib/jackson-core-asl-1.8.8.jar
7fc249dc4000-7fc249dc6000 r--s 00011000 ca:01 655779                     /home/lichunyue/hadoop/hadoop-2.2.0/share/hadoop/yarn/lib/hamcrest-core-1.1.jar
7fc249dc6000-7fc249dc8000 r--s 00003000 ca:01 655783                     /home/lichunyue/hadoop/hadoop-2.2.0/share/hadoop/yarn/lib/hadoop-annotations-2.2.0.jar
7fc249dc8000-7fc249dca000 r--s 0000e000 ca:01 655776                     /home/lichunyue/hadoop/hadoop-2.2.0/share/hadoop/yarn/lib/guice-servlet-3.0.jar
7fc249dca000-7fc249dd9000 r--s 0009f000 ca:01 655794                     /home/lichunyue/hadoop/hadoop-2.2.0/share/hadoop/yarn/lib/guice-3.0.jar
7fc249dd9000-7fc249ddc000 r--s 00025000 ca:01 655778                     /home/lichunyue/hadoop/hadoop-2.2.0/share/hadoop/yarn/lib/commons-io-2.1.jar
7fc249ddc000-7fc249de1000 r--s 00036000 ca:01 655795                     /home/lichunyue/hadoop/hadoop-2.2.0/share/hadoop/yarn/lib/commons-compress-1.4.1.jar
7fc249de1000-7fc249de8000 r--s 00044000 ca:01 655784                     /home/lichunyue/hadoop/hadoop-2.2.0/share/hadoop/yarn/lib/avro-1.7.4.jar
7fc249de8000-7fc249de9000 r--s 0000a000 ca:01 655786                     /home/lichunyue/hadoop/hadoop-2.2.0/share/hadoop/yarn/lib/asm-3.2.jar
7fc249de9000-7fc249deb000 r--s 00000000 ca:01 655780                     /home/lichunyue/hadoop/hadoop-2.2.0/share/hadoop/yarn/lib/aopalliance-1.0.jar
7fc249deb000-7fc249dec000 r--s 00000000 ca:01 655773                     /home/lichunyue/hadoop/hadoop-2.2.0/share/hadoop/yarn/hadoop-yarn-site-2.2.0.jar
7fc249dec000-7fc249dee000 r--s 00005000 ca:01 655805                     /home/lichunyue/hadoop/hadoop-2.2.0/share/hadoop/yarn/hadoop-yarn-server-web-proxy-2.2.0.jar
7fc249dee000-7fc249def000 r--s 00000000 ca:01 655804                     /home/lichunyue/hadoop/hadoop-2.2.0/share/hadoop/yarn/hadoop-yarn-server-tests-2.2.0.jar
7fc249def000-7fc249dfc000 r--s 0008a000 ca:01 655772                     /home/lichunyue/hadoop/hadoop-2.2.0/share/hadoop/yarn/hadoop-yarn-server-resourcemanager-2.2.0.jar
7fc249dfc000-7fc249e07000 r--s 00068000 ca:01 655803                     /home/lichunyue/hadoop/hadoop-2.2.0/share/hadoop/yarn/hadoop-yarn-server-nodemanager-2.2.0.jar
7fc249e07000-7fc249e0b000 r--s 00027000 ca:01 655825                     /home/lichunyue/hadoop/hadoop-2.2.0/share/hadoop/yarn/hadoop-yarn-server-common-2.2.0.jar
7fc249e0b000-7fc249e1d000 r--s 0012c000 ca:01 655799                     /home/lichunyue/hadoop/hadoop-2.2.0/share/hadoop/yarn/hadoop-yarn-common-2.2.0.jar
7fc249e1d000-7fc249e20000 r--s 00015000 ca:01 655771                     /home/lichunyue/hadoop/hadoop-2.2.0/share/hadoop/yarn/hadoop-yarn-client-2.2.0.jar
7fc249e20000-7fc249e22000 r--s 00002000 ca:01 655798                     /home/lichunyue/hadoop/hadoop-2.2.0/share/hadoop/yarn/hadoop-yarn-applications-unmanaged-am-launcher-2.2.0.jar
7fc249e22000-7fc249e23000 r--s 00007000 ca:01 655800                     /home/lichunyue/hadoop/hadoop-2.2.0/share/hadoop/yarn/hadoop-yarn-applications-distributedshell-2.2.0.jar
7fc249e23000-7fc249e34000 r--s 0010a000 ca:01 655797                     /home/lichunyue/hadoop/hadoop-2.2.0/share/hadoop/yarn/hadoop-yarn-api-2.2.0.jar
7fc249e34000-7fc249e35000 r--s 00003000 ca:01 656212                     /home/lichunyue/hadoop/hadoop-2.2.0/share/hadoop/hdfs/lib/xmlenc-0.52.jar
7fc249e35000-7fc249e37000 r--s 00018000 ca:01 656205                     /home/lichunyue/hadoop/hadoop-2.2.0/share/hadoop/hdfs/lib/servlet-api-2.5.jar
7fc249e37000-7fc249e3f000 r--s 0007b000 ca:01 656193                     /home/lichunyue/hadoop/hadoop-2.2.0/share/hadoop/hdfs/lib/protobuf-java-2.5.0.jar
7fc249e3f000-7fc249e56000 r--s 0010e000 ca:01 656195                     /home/lichunyue/hadoop/hadoop-2.2.0/share/hadoop/hdfs/lib/netty-3.6.2.Final.jar
7fc249e56000-7fc249e5f000 r--s 0006f000 ca:01 656202                     /home/lichunyue/hadoop/hadoop-2.2.0/share/hadoop/hdfs/lib/log4j-1.2.17.jar
7fc249e5f000-7fc249e62000 r--s 00006000 ca:01 656211                     /home/lichunyue/hadoop/hadoop-2.2.0/share/hadoop/hdfs/lib/jsr305-1.3.9.jar
7fc249e62000-7fc249e65000 r--s 00016000 ca:01 656210                     /home/lichunyue/hadoop/hadoop-2.2.0/share/hadoop/hdfs/lib/jsp-api-2.1.jar
7fc249e65000-7fc249e69000 r--s 00028000 ca:01 656213                     /home/lichunyue/hadoop/hadoop-2.2.0/share/hadoop/hdfs/lib/jetty-util-6.1.26.jar
7fc249e69000-7fc249e70000 r--s 0007d000 ca:01 656215                     /home/lichunyue/hadoop/hadoop-2.2.0/share/hadoop/hdfs/lib/jetty-6.1.26.jar
7fc249e70000-7fc249e82000 r--s 0009d000 ca:01 656201                     /home/lichunyue/hadoop/hadoop-2.2.0/share/hadoop/hdfs/lib/jersey-server-1.9.jar
7fc249e82000-7fc249e8c000 r--s 00066000 ca:01 656214                     /home/lichunyue/hadoop/hadoop-2.2.0/share/hadoop/hdfs/lib/jersey-core-1.9.jar
7fc249e8c000-7fc249e8e000 r--s 00011000 ca:01 656194                     /home/lichunyue/hadoop/hadoop-2.2.0/share/hadoop/hdfs/lib/jasper-runtime-5.5.23.jar
7fc249e8e000-7fc249e9b000 r--s 00097000 ca:01 656197                     /home/lichunyue/hadoop/hadoop-2.2.0/share/hadoop/hdfs/lib/jackson-mapper-asl-1.8.8.jar
7fc249e9b000-7fc249e9f000 r--s 00034000 ca:01 656198                     /home/lichunyue/hadoop/hadoop-2.2.0/share/hadoop/hdfs/lib/jackson-core-asl-1.8.8.jar
7fc249e9f000-7fc249ec0000 r--s 00172000 ca:01 656204                     /home/lichunyue/hadoop/hadoop-2.2.0/share/hadoop/hdfs/lib/guava-11.0.2.jar
7fc249ec0000-7fc249ec2000 r--s 0000d000 ca:01 656208                     /home/lichunyue/hadoop/hadoop-2.2.0/share/hadoop/hdfs/lib/commons-logging-1.1.1.jar
7fc249ec2000-7fc249ec7000 r--s 00040000 ca:01 656206                     /home/lichunyue/hadoop/hadoop-2.2.0/share/hadoop/hdfs/lib/commons-lang-2.5.jar
7fc249ec7000-7fc249eca000 r--s 00025000 ca:01 656196                     /home/lichunyue/hadoop/hadoop-2.2.0/share/hadoop/hdfs/lib/commons-io-2.1.jar
7fc249eca000-7fc249ecd000 r--s 00019000 ca:01 656200                     /home/lichunyue/hadoop/hadoop-2.2.0/share/hadoop/hdfs/lib/commons-el-1.0.jar
7fc249ecd000-7fc249ece000 r--s 00005000 ca:01 656207                     /home/lichunyue/hadoop/hadoop-2.2.0/share/hadoop/hdfs/lib/commons-daemon-1.0.13.jar
7fc249ece000-7fc249ed0000 r--s 0000d000 ca:01 656203                     /home/lichunyue/hadoop/hadoop-2.2.0/share/hadoop/hdfs/lib/commons-codec-1.4.jar
7fc249ed0000-7fc249ed2000 r--s 00009000 ca:01 656209                     /home/lichunyue/hadoop/hadoop-2.2.0/share/hadoop/hdfs/lib/commons-cli-1.2.jar
7fc249ed2000-7fc249ed3000 r--s 0000a000 ca:01 656199                     /home/lichunyue/hadoop/hadoop-2.2.0/share/hadoop/hdfs/lib/asm-3.2.jar
7fc249ed3000-7fc249ed5000 r--s 00010000 ca:01 656191                     /home/lichunyue/hadoop/hadoop-2.2.0/share/hadoop/hdfs/hadoop-hdfs-nfs-2.2.0.jar
7fc249ed5000-7fc249eeb000 r--s 001d0000 ca:01 656190                     /home/lichunyue/hadoop/hadoop-2.2.0/share/hadoop/hdfs/hadoop-hdfs-2.2.0-tests.jar
7fc249eeb000-7fc249f31000 r--s 004be000 ca:01 656225                     /home/lichunyue/hadoop/hadoop-2.2.0/share/hadoop/hdfs/hadoop-hdfs-2.2.0.jar
7fc249f31000-7fc249f35000 r--s 00014000 ca:01 655871                     /home/lichunyue/hadoop/hadoop-2.2.0/share/hadoop/mapreduce/lib/xz-1.0.jar
7fc249f35000-7fc249f37000 r--s 000f2000 ca:01 655861                     /home/lichunyue/hadoop/hadoop-2.2.0/share/hadoop/mapreduce/lib/snappy-java-1.0.4.1.jar
7fc249f37000-7fc249f3f000 r--s 0007b000 ca:01 655854                     /home/lichunyue/hadoop/hadoop-2.2.0/share/hadoop/mapreduce/lib/protobuf-java-2.5.0.jar
7fc249f3f000-7fc249f41000 r--s 00006000 ca:01 655872                     /home/lichunyue/hadoop/hadoop-2.2.0/share/hadoop/mapreduce/lib/paranamer-2.3.jar
7fc249f41000-7fc249f58000 r--s 0010e000 ca:01 655856                     /home/lichunyue/hadoop/hadoop-2.2.0/share/hadoop/mapreduce/lib/netty-3.6.2.Final.jar
7fc249f58000-7fc249f61000 r--s 0006f000 ca:01 655867                     /home/lichunyue/hadoop/hadoop-2.2.0/share/hadoop/mapreduce/lib/log4j-1.2.17.jar
7fc249f61000-7fc249f68000 r--s 00037000 ca:01 655869                     /home/lichunyue/hadoop/hadoop-2.2.0/share/hadoop/mapreduce/lib/junit-4.10.jar
7fc249f68000-7fc249f7a000 r--s 0009d000 ca:01 655866                     /home/lichunyue/hadoop/hadoop-2.2.0/share/hadoop/mapreduce/lib/jersey-server-1.9.jar
7fc249f7a000-7fc249f7b000 r--s 00003000 ca:01 655868                     /home/lichunyue/hadoop/hadoop-2.2.0/share/hadoop/mapreduce/lib/jersey-guice-1.9.jar
7fc249f7b000-7fc249f85000 r--s 00066000 ca:01 655875                     /home/lichunyue/hadoop/hadoop-2.2.0/share/hadoop/mapreduce/lib/jersey-core-1.9.jar
7fc249f85000-7fc249f86000 r--s 00000000 ca:01 655870                     /home/lichunyue/hadoop/hadoop-2.2.0/share/hadoop/mapreduce/lib/javax.inject-1.jar
7fc249f86000-7fc249f93000 r--s 00097000 ca:01 655860                     /home/lichunyue/hadoop/hadoop-2.2.0/share/hadoop/mapreduce/lib/jackson-mapper-asl-1.8.8.jar
7fc249f93000-7fc249f97000 r--s 00034000 ca:01 655864                     /home/lichunyue/hadoop/hadoop-2.2.0/share/hadoop/mapreduce/lib/jackson-core-asl-1.8.8.jar
7fc249f97000-7fc249f99000 r--s 00011000 ca:01 655858                     /home/lichunyue/hadoop/hadoop-2.2.0/share/hadoop/mapreduce/lib/hamcrest-core-1.1.jar
7fc249f99000-7fc249f9b000 r--s 00003000 ca:01 655862                     /home/lichunyue/hadoop/hadoop-2.2.0/share/hadoop/mapreduce/lib/hadoop-annotations-2.2.0.jar
7fc249f9b000-7fc249f9d000 r--s 0000e000 ca:01 655855                     /home/lichunyue/hadoop/hadoop-2.2.0/share/hadoop/mapreduce/lib/guice-servlet-3.0.jar
7fc249f9d000-7fc249fac000 r--s 0009f000 ca:01 655873                     /home/lichunyue/hadoop/hadoop-2.2.0/share/hadoop/mapreduce/lib/guice-3.0.jar
7fc249fac000-7fc249faf000 r--s 00025000 ca:01 655857                     /home/lichunyue/hadoop/hadoop-2.2.0/share/hadoop/mapreduce/lib/commons-io-2.1.jar
7fc249faf000-7fc249fb4000 r--s 00036000 ca:01 655874                     /home/lichunyue/hadoop/hadoop-2.2.0/share/hadoop/mapreduce/lib/commons-compress-1.4.1.jar
7fc249fb4000-7fc249fbb000 r--s 00044000 ca:01 655863                     /home/lichunyue/hadoop/hadoop-2.2.0/share/hadoop/mapreduce/lib/avro-1.7.4.jar
7fc249fbb000-7fc249fbc000 r--s 0000a000 ca:01 655865                     /home/lichunyue/hadoop/hadoop-2.2.0/share/hadoop/mapreduce/lib/asm-3.2.jar
7fc249fbc000-7fc249fbe000 r--s 00000000 ca:01 655859                     /home/lichunyue/hadoop/hadoop-2.2.0/share/hadoop/mapreduce/lib/aopalliance-1.0.jar
7fc249fbe000-7fc249fc3000 r--s 0003d000 ca:01 655877                     /home/lichunyue/hadoop/hadoop-2.2.0/share/hadoop/mapreduce/hadoop-mapreduce-examples-2.2.0.jar
7fc249fc3000-7fc249fc5000 r--s 00004000 ca:01 655899                     /home/lichunyue/hadoop/hadoop-2.2.0/share/hadoop/mapreduce/hadoop-mapreduce-client-shuffle-2.2.0.jar
7fc249fc5000-7fc249fdb000 r--s 00149000 ca:01 655902                     /home/lichunyue/hadoop/hadoop-2.2.0/share/hadoop/mapreduce/hadoop-mapreduce-client-jobclient-2.2.0-tests.jar
7fc249fdb000-7fc249fdc000 r--s 00008000 ca:01 655903                     /home/lichunyue/hadoop/hadoop-2.2.0/share/hadoop/mapreduce/hadoop-mapreduce-client-jobclient-2.2.0.jar
7fc249fdc000-7fc249fdd000 r--s 00000000 ca:01 655878                     /home/lichunyue/hadoop/hadoop-2.2.0/share/hadoop/mapreduce/hadoop-mapreduce-client-hs-plugins-2.2.0.jar
7fc249fdd000-7fc249fe0000 r--s 0001a000 ca:01 655898                     /home/lichunyue/hadoop/hadoop-2.2.0/share/hadoop/mapreduce/hadoop-mapreduce-client-hs-2.2.0.jar
7fc249fe0000-7fc249ff8000 r--s 0014c000 ca:01 655896                     /home/lichunyue/hadoop/hadoop-2.2.0/share/hadoop/mapreduce/hadoop-mapreduce-client-core-2.2.0.jar
7fc249ff8000-7fc24a004000 r--s 00095000 ca:01 655876                     /home/lichunyue/hadoop/hadoop-2.2.0/share/hadoop/mapreduce/hadoop-mapreduce-client-common-2.2.0.jar
7fc24a004000-7fc24a00d000 r--s 0006d000 ca:01 655897                     /home/lichunyue/hadoop/hadoop-2.2.0/share/hadoop/mapreduce/hadoop-mapreduce-client-app-2.2.0.jar
7fc24a00d000-7fc24a019000 r--s 000b3000 ca:01 655719                     /home/lichunyue/hadoop/hadoop-2.2.0/share/hadoop/common/lib/zookeeper-3.4.5.jar
7fc24a019000-7fc24a01b000 r--s 00005000 ca:01 655715                     /home/lichunyue/hadoop/hadoop-2.2.0/share/hadoop/common/lib/stax-api-1.0.1.jar
7fc24a01b000-7fc24a01d000 r--s 000f2000 ca:01 655707                     /home/lichunyue/hadoop/hadoop-2.2.0/share/hadoop/common/lib/snappy-java-1.0.4.1.jar
7fc24a01d000-7fc24a01f000 r--s 00001000 ca:01 655746                     /home/lichunyue/hadoop/hadoop-2.2.0/share/hadoop/common/lib/slf4j-log4j12-1.7.5.jar
7fc24a01f000-7fc24a021000 r--s 00005000 ca:01 655740                     /home/lichunyue/hadoop/hadoop-2.2.0/share/hadoop/common/lib/slf4j-api-1.7.5.jar
7fc24a021000-7fc24a023000 r--s 00018000 ca:01 655723                     /home/lichunyue/hadoop/hadoop-2.2.0/share/hadoop/common/lib/servlet-api-2.5.jar
7fc24a023000-7fc24a02b000 r--s 0007b000 ca:01 655697                     /home/lichunyue/hadoop/hadoop-2.2.0/share/hadoop/common/lib/protobuf-java-2.5.0.jar
7fc24a02b000-7fc24a042000 r--s 0010e000 ca:01 655700                     /home/lichunyue/hadoop/hadoop-2.2.0/share/hadoop/common/lib/netty-3.6.2.Final.jar
7fc24a042000-7fc24a05f000 r--s 0013e000 ca:01 655725                     /home/lichunyue/hadoop/hadoop-2.2.0/share/hadoop/common/lib/mockito-all-1.8.5.jar
7fc24a05f000-7fc24a068000 r--s 0006f000 ca:01 655718                     /home/lichunyue/hadoop/hadoop-2.2.0/share/hadoop/common/lib/log4j-1.2.17.jar
7fc24a068000-7fc24a06e000 r--s 00034000 ca:01 655703                     /home/lichunyue/hadoop/hadoop-2.2.0/share/hadoop/common/lib/junit-4.8.2.jar
7fc24a06e000-7fc24a06f000 ---p 00000000 00:00 0 
7fc24a06f000-7fc24a16f000 rw-p 00000000 00:00 0 
7fc24a16f000-7fc250000000 r--p 00000000 ca:01 1052128                    /usr/lib/locale/locale-archive
7fc250000000-7fc250021000 rw-p 00000000 00:00 0 
7fc250021000-7fc254000000 ---p 00000000 00:00 0 
7fc254000000-7fc254021000 rw-p 00000000 00:00 0 
7fc254021000-7fc258000000 ---p 00000000 00:00 0 
7fc258000000-7fc25802b000 rw-p 00000000 00:00 0 
7fc25802b000-7fc25c000000 ---p 00000000 00:00 0 
7fc25c000000-7fc25c004000 r--s 00014000 ca:01 655729                     /home/lichunyue/hadoop/hadoop-2.2.0/share/hadoop/common/lib/xz-1.0.jar
7fc25c004000-7fc25c007000 r--s 00006000 ca:01 655736                     /home/lichunyue/hadoop/hadoop-2.2.0/share/hadoop/common/lib/jsr305-1.3.9.jar
7fc25c007000-7fc25c00a000 r--s 00016000 ca:01 655732                     /home/lichunyue/hadoop/hadoop-2.2.0/share/hadoop/common/lib/jsp-api-2.1.jar
7fc25c00a000-7fc25c00d000 r--s 0002b000 ca:01 655695                     /home/lichunyue/hadoop/hadoop-2.2.0/share/hadoop/common/lib/jsch-0.1.42.jar
7fc25c00d000-7fc25c011000 r--s 00028000 ca:01 655739                     /home/lichunyue/hadoop/hadoop-2.2.0/share/hadoop/common/lib/jetty-util-6.1.26.jar
7fc25c011000-7fc25c018000 r--s 0007d000 ca:01 655744                     /home/lichunyue/hadoop/hadoop-2.2.0/share/hadoop/common/lib/jetty-6.1.26.jar
7fc25c018000-7fc25c01a000 r--s 0000f000 ca:01 655747                     /home/lichunyue/hadoop/hadoop-2.2.0/share/hadoop/common/lib/jettison-1.1.jar
7fc25c01a000-7fc25c01f000 r--s 0004a000 ca:01 655713                     /home/lichunyue/hadoop/hadoop-2.2.0/share/hadoop/common/lib/jets3t-0.6.1.jar
7fc25c01f000-7fc25c031000 r--s 0009d000 ca:01 655717                     /home/lichunyue/hadoop/hadoop-2.2.0/share/hadoop/common/lib/jersey-server-1.9.jar
7fc25c031000-7fc25c035000 r--s 00021000 ca:01 655705                     /home/lichunyue/hadoop/hadoop-2.2.0/share/hadoop/common/lib/jersey-json-1.9.jar
7fc25c035000-7fc25c03f000 r--s 00066000 ca:01 655743                     /home/lichunyue/hadoop/hadoop-2.2.0/share/hadoop/common/lib/jersey-core-1.9.jar
7fc25c03f000-7fc25c052000 r--s 000c7000 ca:01 655702                     /home/lichunyue/hadoop/hadoop-2.2.0/share/hadoop/common/lib/jaxb-impl-2.2.3-1.jar
7fc25c052000-7fc25c055000 r--s 00017000 ca:01 655742                     /home/lichunyue/hadoop/hadoop-2.2.0/share/hadoop/common/lib/jaxb-api-2.2.2.jar
7fc25c055000-7fc25c057000 r--s 00011000 ca:01 655698                     /home/lichunyue/hadoop/hadoop-2.2.0/share/hadoop/common/lib/jasper-runtime-5.5.23.jar
7fc25c057000-7fc25c05c000 r--s 0005f000 ca:01 655745                     /home/lichunyue/hadoop/hadoop-2.2.0/share/hadoop/common/lib/jasper-compiler-5.5.23.jar
7fc25c05c000-7fc25c05d000 r--s 00007000 ca:01 655696                     /home/lichunyue/hadoop/hadoop-2.2.0/share/hadoop/common/lib/jackson-xc-1.8.8.jar
7fc25c05d000-7fc25c06a000 r--s 00097000 ca:01 655706                     /home/lichunyue/hadoop/hadoop-2.2.0/share/hadoop/common/lib/jackson-mapper-asl-1.8.8.jar
7fc25c06a000-7fc25c06b000 r--s 00004000 ca:01 655710                     /home/lichunyue/hadoop/hadoop-2.2.0/share/hadoop/common/lib/jackson-jaxrs-1.8.8.jar
7fc25c06b000-7fc25c06f000 r--s 00034000 ca:01 655711                     /home/lichunyue/hadoop/hadoop-2.2.0/share/hadoop/common/lib/jackson-core-asl-1.8.8.jar
7fc25c06f000-7fc25c071000 r--s 0000b000 ca:01 655731                     /home/lichunyue/hadoop/hadoop-2.2.0/share/hadoop/common/lib/hadoop-auth-2.2.0.jar
7fc25c071000-7fc25c073000 r--s 00003000 ca:01 655708                     /home/lichunyue/hadoop/hadoop-2.2.0/share/hadoop/common/lib/hadoop-annotations-2.2.0.jar
7fc25c073000-7fc25c094000 r--s 00172000 ca:01 655722                     /home/lichunyue/hadoop/hadoop-2.2.0/share/hadoop/common/lib/guava-11.0.2.jar
7fc25c094000-7fc25c099000 r--s 0003e000 ca:01 655734                     /home/lichunyue/hadoop/hadoop-2.2.0/share/hadoop/common/lib/commons-net-3.1.jar
7fc25c099000-7fc25c0aa000 r--s 000bb000 ca:01 655720                     /home/lichunyue/hadoop/hadoop-2.2.0/share/hadoop/common/lib/commons-math-2.1.jar
7fc25c0aa000-7fc25c0ac000 r--s 0000d000 ca:01 655727                     /home/lichunyue/hadoop/hadoop-2.2.0/share/hadoop/common/lib/commons-logging-1.1.1.jar
7fc25c0ac000-7fc25c0b1000 r--s 00040000 ca:01 655724                     /home/lichunyue/hadoop/hadoop-2.2.0/share/hadoop/common/lib/commons-lang-2.5.jar
7fc25c0b1000-7fc25c0b4000 r--s 00025000 ca:01 655701                     /home/lichunyue/hadoop/hadoop-2.2.0/share/hadoop/common/lib/commons-io-2.1.jar
7fc25c0b4000-7fc25c0ba000 r--s 00045000 ca:01 655733                     /home/lichunyue/hadoop/hadoop-2.2.0/share/hadoop/common/lib/commons-httpclient-3.1.jar
7fc25c0ba000-7fc25c0bd000 r--s 00019000 ca:01 655714                     /home/lichunyue/hadoop/hadoop-2.2.0/share/hadoop/common/lib/commons-el-1.0.jar
7fc25c0bd000-7fc25c0c1000 r--s 00020000 ca:01 655735                     /home/lichunyue/hadoop/hadoop-2.2.0/share/hadoop/common/lib/commons-digester-1.8.jar
7fc25c0c1000-7fc25c0c7000 r--s 00043000 ca:01 655726                     /home/lichunyue/hadoop/hadoop-2.2.0/share/hadoop/common/lib/commons-configuration-1.6.jar
7fc25c0c7000-7fc25c0cc000 r--s 00036000 ca:01 655738                     /home/lichunyue/hadoop/hadoop-2.2.0/share/hadoop/common/lib/commons-compress-1.4.1.jar
7fc25c0cc000-7fc25c0da000 r--s 0007f000 ca:01 655741                     /home/lichunyue/hadoop/hadoop-2.2.0/share/hadoop/common/lib/commons-collections-3.2.1.jar
7fc25c0da000-7fc25c0de000 r--s 0002f000 ca:01 655699                     /home/lichunyue/hadoop/hadoop-2.2.0/share/hadoop/common/lib/commons-beanutils-core-1.8.0.jar
7fc25c0de000-7fc25c0e3000 r--s 0002a000 ca:01 655716                     /home/lichunyue/hadoop/hadoop-2.2.0/share/hadoop/common/lib/commons-beanutils-1.7.0.jar
7fc25c0e3000-7fc25c0f9000 r--s 00135000 ca:01 655755                     /home/lichunyue/hadoop/hadoop-2.2.0/share/hadoop/common/hadoop-common-2.2.0-tests.jar
7fc25c0f9000-7fc25c0fc000 ---p 00000000 00:00 0 
7fc25c0fc000-7fc25c1fa000 rw-p 00000000 00:00 0 
7fc25c1fa000-7fc25c1fd000 ---p 00000000 00:00 0 
7fc25c1fd000-7fc25c2fb000 rw-p 00000000 00:00 0 
7fc25c2fb000-7fc25c2fe000 ---p 00000000 00:00 0 
7fc25c2fe000-7fc25c3fc000 rw-p 00000000 00:00 0 
7fc25c3fc000-7fc25c3ff000 ---p 00000000 00:00 0 
7fc25c3ff000-7fc25c4fd000 rw-p 00000000 00:00 0 
7fc25c4fd000-7fc25c500000 ---p 00000000 00:00 0 
7fc25c500000-7fc25c5fe000 rw-p 00000000 00:00 0 
7fc25c5fe000-7fc25c601000 ---p 00000000 00:00 0 
7fc25c601000-7fc25c6ff000 rw-p 00000000 00:00 0 
7fc25c6ff000-7fc25c700000 ---p 00000000 00:00 0 
7fc25c700000-7fc25d000000 rw-p 00000000 00:00 0 
7fc25d000000-7fc25d4f0000 rwxp 00000000 00:00 0 
7fc25d4f0000-7fc26c000000 ---p 00000000 00:00 0 
7fc26c000000-7fc26c7df000 rw-p 00000000 00:00 0 
7fc26c7df000-7fc270000000 ---p 00000000 00:00 0 
7fc270000000-7fc270001000 r--s 00003000 ca:01 655737                     /home/lichunyue/hadoop/hadoop-2.2.0/share/hadoop/common/lib/xmlenc-0.52.jar
7fc270001000-7fc270008000 r--s 00044000 ca:01 655709                     /home/lichunyue/hadoop/hadoop-2.2.0/share/hadoop/common/lib/avro-1.7.4.jar
7fc270008000-7fc270032000 r--s 00264000 ca:01 655748                     /home/lichunyue/hadoop/hadoop-2.2.0/share/hadoop/common/hadoop-common-2.2.0.jar
7fc270032000-7fc27007f000 rw-p 00000000 00:00 0 
7fc27007f000-7fc27024c000 r--s 043aa000 ca:01 1194916                    /usr/lib/jvm/java-1.8.0-openjdk-1.8.0.51-1.b16.el6_7.x86_64/jre/lib/rt.jar
7fc27024c000-7fc270350000 rw-p 00000000 00:00 0 
7fc270350000-7fc2703e2000 ---p 00000000 00:00 0 
7fc2703e2000-7fc2703e8000 rw-p 00000000 00:00 0 
7fc2703e8000-7fc270430000 ---p 00000000 00:00 0 
7fc270430000-7fc27043b000 rw-p 00000000 00:00 0 
7fc27043b000-7fc2704cd000 ---p 00000000 00:00 0 
7fc2704cd000-7fc2704e2000 rw-p 00000000 00:00 0 
7fc2704e2000-7fc27088e000 ---p 00000000 00:00 0 
7fc27088e000-7fc270896000 r-xp 00000000 ca:01 1194859                    /usr/lib/jvm/java-1.8.0-openjdk-1.8.0.51-1.b16.el6_7.x86_64/jre/lib/amd64/libzip.so
7fc270896000-7fc270a95000 ---p 00008000 ca:01 1194859                    /usr/lib/jvm/java-1.8.0-openjdk-1.8.0.51-1.b16.el6_7.x86_64/jre/lib/amd64/libzip.so
7fc270a95000-7fc270a96000 rw-p 00007000 ca:01 1194859                    /usr/lib/jvm/java-1.8.0-openjdk-1.8.0.51-1.b16.el6_7.x86_64/jre/lib/amd64/libzip.so
7fc270a96000-7fc270aa2000 r-xp 00000000 ca:01 262213                     /lib64/libnss_files-2.12.so
7fc270aa2000-7fc270ca2000 ---p 0000c000 ca:01 262213                     /lib64/libnss_files-2.12.so
7fc270ca2000-7fc270ca3000 r--p 0000c000 ca:01 262213                     /lib64/libnss_files-2.12.so
7fc270ca3000-7fc270ca4000 rw-p 0000d000 ca:01 262213                     /lib64/libnss_files-2.12.so
7fc270ca4000-7fc270ca6000 r--s 00006000 ca:01 655730                     /home/lichunyue/hadoop/hadoop-2.2.0/share/hadoop/common/lib/paranamer-2.3.jar
7fc270ca6000-7fc270ca8000 r--s 0000d000 ca:01 655721                     /home/lichunyue/hadoop/hadoop-2.2.0/share/hadoop/common/lib/commons-codec-1.4.jar
7fc270ca8000-7fc270ca9000 r--s 0000a000 ca:01 655712                     /home/lichunyue/hadoop/hadoop-2.2.0/share/hadoop/common/lib/asm-3.2.jar
7fc270ca9000-7fc270cab000 r--s 0000e000 ca:01 655704                     /home/lichunyue/hadoop/hadoop-2.2.0/share/hadoop/common/lib/activation-1.1.jar
7fc270cab000-7fc270cb0000 r--s 0001e000 ca:01 655749                     /home/lichunyue/hadoop/hadoop-2.2.0/share/hadoop/common/hadoop-nfs-2.2.0.jar
7fc270cb0000-7fc270cda000 r-xp 00000000 ca:01 1194842                    /usr/lib/jvm/java-1.8.0-openjdk-1.8.0.51-1.b16.el6_7.x86_64/jre/lib/amd64/libjava.so
7fc270cda000-7fc270ed9000 ---p 0002a000 ca:01 1194842                    /usr/lib/jvm/java-1.8.0-openjdk-1.8.0.51-1.b16.el6_7.x86_64/jre/lib/amd64/libjava.so
7fc270ed9000-7fc270edb000 rw-p 00029000 ca:01 1194842                    /usr/lib/jvm/java-1.8.0-openjdk-1.8.0.51-1.b16.el6_7.x86_64/jre/lib/amd64/libjava.so
7fc270edb000-7fc270ee8000 r-xp 00000000 ca:01 1194858                    /usr/lib/jvm/java-1.8.0-openjdk-1.8.0.51-1.b16.el6_7.x86_64/jre/lib/amd64/libverify.so
7fc270ee8000-7fc2710e8000 ---p 0000d000 ca:01 1194858                    /usr/lib/jvm/java-1.8.0-openjdk-1.8.0.51-1.b16.el6_7.x86_64/jre/lib/amd64/libverify.so
7fc2710e8000-7fc2710ea000 rw-p 0000d000 ca:01 1194858                    /usr/lib/jvm/java-1.8.0-openjdk-1.8.0.51-1.b16.el6_7.x86_64/jre/lib/amd64/libverify.so
7fc2710ea000-7fc2710ed000 ---p 00000000 00:00 0 
7fc2710ed000-7fc2711eb000 rw-p 00000000 00:00 0 
7fc2711eb000-7fc271e00000 r-xp 00000000 ca:01 1194863                    /usr/lib/jvm/java-1.8.0-openjdk-1.8.0.51-1.b16.el6_7.x86_64/jre/lib/amd64/server/libjvm.so
7fc271e00000-7fc272000000 ---p 00c15000 ca:01 1194863                    /usr/lib/jvm/java-1.8.0-openjdk-1.8.0.51-1.b16.el6_7.x86_64/jre/lib/amd64/server/libjvm.so
7fc272000000-7fc2720cd000 rw-p 00c15000 ca:01 1194863                    /usr/lib/jvm/java-1.8.0-openjdk-1.8.0.51-1.b16.el6_7.x86_64/jre/lib/amd64/server/libjvm.so
7fc2720cd000-7fc272101000 rw-p 00000000 00:00 0 
7fc272101000-7fc272103000 r--s 00009000 ca:01 655728                     /home/lichunyue/hadoop/hadoop-2.2.0/share/hadoop/common/lib/commons-cli-1.2.jar
7fc272103000-7fc27210b000 rw-s 00000000 ca:01 408677                     /tmp/hsperfdata_root/22796
7fc27210b000-7fc27210c000 rw-p 00000000 00:00 0 
7fc27210c000-7fc27210d000 ---p 00000000 00:00 0 
7fc27210d000-7fc27210e000 rw-p 00000000 00:00 0 
7fffe9663000-7fffe967b000 rw-p 00000000 00:00 0                          [stack]
7fffe97ff000-7fffe9800000 r-xp 00000000 00:00 0                          [vdso]
ffffffffff600000-ffffffffff601000 r-xp 00000000 00:00 0                  [vsyscall]

VM Arguments:
jvm_args: -Dfile.encoding=UTF-8 
java_command: com.yueye.WordCount /mnt/test_in /mnt/test_out
java_class_path (initial): /mnt/homework/shop_wordcount/bin:/home/lichunyue/hadoop/hadoop-2.2.0/share/hadoop/common/hadoop-common-2.2.0.jar:/home/lichunyue/hadoop/hadoop-2.2.0/share/hadoop/common/hadoop-common-2.2.0-tests.jar:/home/lichunyue/hadoop/hadoop-2.2.0/share/hadoop/common/hadoop-nfs-2.2.0.jar:/home/lichunyue/hadoop/hadoop-2.2.0/share/hadoop/common/lib/activation-1.1.jar:/home/lichunyue/hadoop/hadoop-2.2.0/share/hadoop/common/lib/asm-3.2.jar:/home/lichunyue/hadoop/hadoop-2.2.0/share/hadoop/common/lib/avro-1.7.4.jar:/home/lichunyue/hadoop/hadoop-2.2.0/share/hadoop/common/lib/commons-beanutils-1.7.0.jar:/home/lichunyue/hadoop/hadoop-2.2.0/share/hadoop/common/lib/commons-beanutils-core-1.8.0.jar:/home/lichunyue/hadoop/hadoop-2.2.0/share/hadoop/common/lib/commons-cli-1.2.jar:/home/lichunyue/hadoop/hadoop-2.2.0/share/hadoop/common/lib/commons-codec-1.4.jar:/home/lichunyue/hadoop/hadoop-2.2.0/share/hadoop/common/lib/commons-collections-3.2.1.jar:/home/lichunyue/hadoop/hadoop-2.2.0/share/hadoop/common/lib/commons-compress-1.4.1.jar:/home/lichunyue/hadoop/hadoop-2.2.0/share/hadoop/common/lib/commons-configuration-1.6.jar:/home/lichunyue/hadoop/hadoop-2.2.0/share/hadoop/common/lib/commons-digester-1.8.jar:/home/lichunyue/hadoop/hadoop-2.2.0/share/hadoop/common/lib/commons-el-1.0.jar:/home/lichunyue/hadoop/hadoop-2.2.0/share/hadoop/common/lib/commons-httpclient-3.1.jar:/home/lichunyue/hadoop/hadoop-2.2.0/share/hadoop/common/lib/commons-io-2.1.jar:/home/lichunyue/hadoop/hadoop-2.2.0/share/hadoop/common/lib/commons-lang-2.5.jar:/home/lichunyue/hadoop/hadoop-2.2.0/share/hadoop/common/lib/commons-logging-1.1.1.jar:/home/lichunyue/hadoop/hadoop-2.2.0/share/hadoop/common/lib/commons-math-2.1.jar:/home/lichunyue/hadoop/hadoop-2.2.0/share/hadoop/common/lib/commons-net-3.1.jar:/home/lichunyue/hadoop/hadoop-2.2.0/share/hadoop/common/lib/guava-11.0.2.jar:/home/lichunyue/hadoop/hadoop-2.2.0/share/hadoop/common/lib/hadoop-annotations-2.2.0.jar:/home/lichunyue/hadoop/hadoop-2.2.0
Launcher Type: SUN_STANDARD

Environment Variables:
PATH=/bin:/usr/bin:/usr/X11R6/bin:/usr/local/bin
SHELL=/bin/bash
DISPLAY=:10.0

Signal Handlers:
SIGSEGV: [libjvm.so+0xa1e500], sa_mask[0]=11111111011111111101111111111110, sa_flags=SA_RESTART|SA_SIGINFO
SIGBUS: [libjvm.so+0xa1e500], sa_mask[0]=11111111011111111101111111111110, sa_flags=SA_RESTART|SA_SIGINFO
SIGFPE: [libjvm.so+0x88e200], sa_mask[0]=11111111011111111101111111111110, sa_flags=SA_RESTART|SA_SIGINFO
SIGPIPE: [libjvm.so+0x88e200], sa_mask[0]=11111111011111111101111111111110, sa_flags=SA_RESTART|SA_SIGINFO
SIGXFSZ: [libjvm.so+0x88e200], sa_mask[0]=11111111011111111101111111111110, sa_flags=SA_RESTART|SA_SIGINFO
SIGILL: [libjvm.so+0x88e200], sa_mask[0]=11111111011111111101111111111110, sa_flags=SA_RESTART|SA_SIGINFO
SIGUSR1: SIG_DFL, sa_mask[0]=00000000000000000000000000000000, sa_flags=none
SIGUSR2: [libjvm.so+0x88f6f0], sa_mask[0]=00100000000000000000000000000000, sa_flags=SA_RESTART|SA_SIGINFO
SIGHUP: [libjvm.so+0x890d30], sa_mask[0]=11111111011111111101111111111110, sa_flags=SA_RESTART|SA_SIGINFO
SIGINT: [libjvm.so+0x890d30], sa_mask[0]=11111111011111111101111111111110, sa_flags=SA_RESTART|SA_SIGINFO
SIGTERM: [libjvm.so+0x890d30], sa_mask[0]=11111111011111111101111111111110, sa_flags=SA_RESTART|SA_SIGINFO
SIGQUIT: [libjvm.so+0x890d30], sa_mask[0]=11111111011111111101111111111110, sa_flags=SA_RESTART|SA_SIGINFO


---------------  S Y S T E M  ---------------

OS:CentOS release 6.5 (Final)

uname:Linux 2.6.32-431.23.3.el6.x86_64 #1 SMP Thu Jul 31 17:20:51 UTC 2014 x86_64
libc:glibc 2.12 NPTL 2.12 
rlimit: STACK 10240k, CORE 0k, NPROC 14846, NOFILE 65535, AS infinity
load average:0.33 0.12 0.05

/proc/meminfo:
MemTotal:        1920740 kB
MemFree:           67468 kB
Buffers:            4124 kB
Cached:            70020 kB
SwapCached:            0 kB
Active:          1728420 kB
Inactive:          32148 kB
Active(anon):    1686620 kB
Inactive(anon):     4676 kB
Active(file):      41800 kB
Inactive(file):    27472 kB
Unevictable:           0 kB
Mlocked:               0 kB
SwapTotal:             0 kB
SwapFree:              0 kB
Dirty:               372 kB
Writeback:             0 kB
AnonPages:       1686504 kB
Mapped:            54768 kB
Shmem:              4804 kB
Slab:              42748 kB
SReclaimable:      15272 kB
SUnreclaim:        27476 kB
KernelStack:        5008 kB
PageTables:        22432 kB
NFS_Unstable:          0 kB
Bounce:                0 kB
WritebackTmp:          0 kB
CommitLimit:      960368 kB
Committed_AS:    3178924 kB
VmallocTotal:   34359738367 kB
VmallocUsed:       11064 kB
VmallocChunk:   34359725180 kB
HardwareCorrupted:     0 kB
AnonHugePages:    708608 kB
HugePages_Total:       0
HugePages_Free:        0
HugePages_Rsvd:        0
HugePages_Surp:        0
Hugepagesize:       2048 kB
DirectMap4k:        6144 kB
DirectMap2M:     2091008 kB


CPU:total 1 (32 cores per cpu, 2 threads per core) family 6 model 62 stepping 4, cmov, cx8, fxsr, mmx, sse, sse2, sse3, ssse3, sse4.1, sse4.2, popcnt, aes, ht, tsc

/proc/cpuinfo:
processor	: 0
vendor_id	: GenuineIntel
cpu family	: 6
model		: 62
model name	: Intel(R) Xeon(R) CPU E5-2650 v2 @ 2.60GHz
stepping	: 4
cpu MHz		: 2594.034
cache size	: 20480 KB
physical id	: 0
siblings	: 1
core id		: 0
cpu cores	: 1
apicid		: 0
initial apicid	: 0
fpu		: yes
fpu_exception	: yes
cpuid level	: 13
wp		: yes
flags		: fpu vme de pse tsc msr pae mce cx8 apic sep mtrr pge mca cmov pat clflush mmx fxsr sse sse2 ht syscall nx lm up rep_good unfair_spinlock pni ssse3 cx16 sse4_1 sse4_2 popcnt aes hypervisor lahf_lm
bogomips	: 5188.06
clflush size	: 64
cache_alignment	: 64
address sizes	: 46 bits physical, 48 bits virtual
power management:



Memory: 4k page, physical 1920740k(67468k free), swap 0k(0k free)

vm_info: OpenJDK 64-Bit Server VM (25.51-b03) for linux-amd64 JRE (1.8.0_51-b16), built on Jul 25 2015 14:54:36 by "mockbuild" with gcc 4.4.7 20120313 (Red Hat 4.4.7-16)

time: Wed Oct  7 09:40:42 2015
elapsed time: 4 seconds (0d 0h 0m 4s)

